Build started 23-11-2014 17:38:17.
     1>Project "C:\Users\ICON\Downloads\Programs\Paint\Paint\Paint\Paint.vcxproj" on node 2 (Build target(s)).
     1>ClCompile:
         C:\Program Files (x86)\Microsoft Visual Studio 12.0\VC\bin\CL.exe /c /ZI /nologo /W3 /WX- /Od /Oy- /D WIN32 /D _DEBUG /D _WINDOWS /D _UNICODE /D UNICODE /Gm /EHsc /RTC1 /MDd /GS /fp:precise /Zc:wchar_t /Zc:forScope /Fo"Debug\\" /Fd"Debug\vc120.pdb" /Gd /TP /analyze- /errorReport:prompt canvas.cpp
         canvas.cpp
     1>c:\users\icon\downloads\programs\paint\paint\paint\canvas.cpp(45): warning C4996: 'fopen': This function or variable may be unsafe. Consider using fopen_s instead. To disable deprecation, use _CRT_SECURE_NO_WARNINGS. See online help for details.
                 c:\program files (x86)\microsoft visual studio 12.0\vc\include\stdio.h(211) : see declaration of 'fopen'
     1>c:\users\icon\downloads\programs\paint\paint\paint\canvas.cpp(133): warning C4244: 'argument' : conversion from 'int' to 'GLfloat', possible loss of data
     1>c:\users\icon\downloads\programs\paint\paint\paint\canvas.cpp(134): warning C4244: 'argument' : conversion from 'int' to 'GLfloat', possible loss of data
     1>c:\users\icon\downloads\programs\paint\paint\paint\canvas.cpp(149): warning C4244: 'argument' : conversion from 'int' to 'GLfloat', possible loss of data
     1>c:\users\icon\downloads\programs\paint\paint\paint\canvas.cpp(150): warning C4244: 'argument' : conversion from 'int' to 'GLfloat', possible loss of data
     1>c:\users\icon\downloads\programs\paint\paint\paint\canvas.cpp(163): warning C4244: 'argument' : conversion from 'int' to 'GLfloat', possible loss of data
     1>c:\users\icon\downloads\programs\paint\paint\paint\canvas.cpp(164): warning C4244: 'argument' : conversion from 'int' to 'GLfloat', possible loss of data
     1>c:\users\icon\downloads\programs\paint\paint\paint\canvas.cpp(165): warning C4244: 'argument' : conversion from 'int' to 'GLfloat', possible loss of data
     1>c:\users\icon\downloads\programs\paint\paint\paint\canvas.cpp(166): warning C4244: 'argument' : conversion from 'int' to 'GLfloat', possible loss of data
     1>c:\users\icon\downloads\programs\paint\paint\paint\canvas.cpp(181): warning C4244: 'argument' : conversion from 'int' to 'GLfloat', possible loss of data
     1>c:\users\icon\downloads\programs\paint\paint\paint\canvas.cpp(182): warning C4244: 'argument' : conversion from 'int' to 'GLfloat', possible loss of data
     1>c:\users\icon\downloads\programs\paint\paint\paint\canvas.cpp(183): warning C4244: 'argument' : conversion from 'int' to 'GLfloat', possible loss of data
     1>c:\users\icon\downloads\programs\paint\paint\paint\canvas.cpp(184): warning C4244: 'argument' : conversion from 'int' to 'GLfloat', possible loss of data
     1>c:\users\icon\downloads\programs\paint\paint\paint\canvas.cpp(210): warning C4244: 'argument' : conversion from 'int' to 'GLfloat', possible loss of data
     1>c:\users\icon\downloads\programs\paint\paint\paint\canvas.cpp(211): warning C4244: 'argument' : conversion from 'int' to 'GLfloat', possible loss of data
       Link:
         C:\Program Files (x86)\Microsoft Visual Studio 12.0\VC\bin\link.exe /ERRORREPORT:PROMPT /OUT:"C:\Users\ICON\Downloads\Programs\Paint\Paint\Debug\Paint.exe" /INCREMENTAL /NOLOGO /LIBPATH:"C:\Program Files\Microsoft SDKs\Windows\v6.0A\Lib" kernel32.lib user32.lib gdi32.lib winspool.lib comdlg32.lib advapi32.lib shell32.lib ole32.lib oleaut32.lib uuid.lib odbc32.lib odbccp32.lib /MANIFEST /MANIFESTUAC:"level='asInvoker' uiAccess='false'" /manifest:embed /DEBUG /PDB:"C:\Users\ICON\Downloads\Programs\Paint\Paint\Debug\Paint.pdb" /SUBSYSTEM:WINDOWS /TLBID:1 /ENTRY:"mainCRTStartup" /DYNAMICBASE /NXCOMPAT /IMPLIB:"C:\Users\ICON\Downloads\Programs\Paint\Paint\Debug\Paint.lib" /MACHINE:X86 Debug\canvas.obj
         Debug\toolbox.obj
         Paint.vcxproj -> C:\Users\ICON\Downloads\Programs\Paint\Paint\Debug\Paint.exe
     1>Done Building Project "C:\Users\ICON\Downloads\Programs\Paint\Paint\Paint\Paint.vcxproj" (Build target(s)).

Build succeeded.

Time Elapsed 00:00:01.13
